Fri 16 Jul 2021 06:33:43 INFO Parameters:
	model=BPJFNN
	use_gpu=True
	gpu_id=1
	learner=Adam
	epochs=3000
	eval_step=1
	stopping_step=5
	clip_grad_norm=None
	pos_weight=8.633
	topk=[5]
	valid_metric=gauc
	num_workers=4
	pin_memory=True
	checkpoint_dir=./saved/
	dataset_path=/home/yangchen/dataset/job/cikm/final_dir
	loss_decimal_place=4
	metric_decimal_place=4
	seed=2020
	reproducibility=True
	min_word_cnt=5
	geek_longsent_len=256
	job_longsent_len=256
	embedding_size=100
	hidden_size=32
	dropout=0.2
	num_layers=1
	learning_rate=0.0001
	train_batch_size=2048
	eval_batch_size=4096
	name=None
	direction=multi
	device=cuda
Fri 16 Jul 2021 06:33:43 INFO Loading /home/yangchen/dataset/job/cikm/final_dir/geek.token
Fri 16 Jul 2021 06:33:43 INFO Loading /home/yangchen/dataset/job/cikm/final_dir/job.token
Fri 16 Jul 2021 06:33:43 INFO Loading /home/yangchen/dataset/job/cikm/final_dir/word.cnt
Fri 16 Jul 2021 06:33:43 INFO Loading /home/yangchen/dataset/job/cikm/final_dir/geek.longsent
Fri 16 Jul 2021 06:33:46 INFO Loading /home/yangchen/dataset/job/cikm/final_dir/job.longsent
Fri 16 Jul 2021 06:33:49 INFO Pool:
	55493 geeks
	41718 jobs
	20318 words
	geek_id2longsent: torch.Size([55493, 256])
	job_id2longsent: torch.Size([41718, 256])
Fri 16 Jul 2021 06:33:49 INFO Loading from /home/yangchen/dataset/job/cikm/final_dir/data.train_all
Fri 16 Jul 2021 06:33:53 INFO Loading from /home/yangchen/dataset/job/cikm/final_dir/data.valid_g
Fri 16 Jul 2021 06:33:53 INFO Loading from /home/yangchen/dataset/job/cikm/final_dir/data.test_g
Fri 16 Jul 2021 06:33:54 INFO Loading from /home/yangchen/dataset/job/cikm/final_dir/data.test_g
Fri 16 Jul 2021 06:33:54 INFO Loading from /home/yangchen/dataset/job/cikm/final_dir/data.test_j
Fri 16 Jul 2021 06:33:55 INFO Loading from /home/yangchen/dataset/job/cikm/final_dir/data.train_g
Fri 16 Jul 2021 06:33:56 INFO Loading from /home/yangchen/dataset/job/cikm/final_dir/data.train_j
Fri 16 Jul 2021 06:33:58 INFO Loading from /home/yangchen/dataset/job/cikm/final_dir/data.user_add
Fri 16 Jul 2021 06:34:01 INFO Loading from /home/yangchen/dataset/job/cikm/final_dir/data.job_add
Fri 16 Jul 2021 06:34:01 INFO train_all Dataset:
	2760725 interactions
Fri 16 Jul 2021 06:34:01 INFO valid_g Dataset:
	346256 interactions
Fri 16 Jul 2021 06:34:01 INFO test_g Dataset:
	323658 interactions
Fri 16 Jul 2021 06:34:01 INFO test_g Dataset:
	323658 interactions
Fri 16 Jul 2021 06:34:01 INFO test_j Dataset:
	158254 interactions
Fri 16 Jul 2021 06:34:01 INFO train_g Dataset:
	1076087 interactions
Fri 16 Jul 2021 06:34:01 INFO train_j Dataset:
	1684638 interactions
Fri 16 Jul 2021 06:34:01 INFO user_add Dataset:
	1767584 interactions
Fri 16 Jul 2021 06:34:01 INFO job_add Dataset:
	342216 interactions
Fri 16 Jul 2021 06:34:06 INFO BPJFNN(
  (emb): Embedding(20318, 100, padding_idx=0)
  (job_biLSTM): LSTM(100, 32, batch_first=True, bidirectional=True)
  (geek_biLSTM): LSTM(100, 32, batch_first=True, bidirectional=True)
  (mlp): MLPLayers(
    (mlp_layers): Sequential(
      (0): Dropout(p=0.2, inplace=False)
      (1): Linear(in_features=192, out_features=32, bias=True)
      (2): Tanh()
      (3): Dropout(p=0.2, inplace=False)
      (4): Linear(in_features=32, out_features=1, bias=True)
      (5): Tanh()
    )
  )
  (sigmoid): Sigmoid()
  (loss): BCEWithLogitsLoss()
)
	Trainable parameters: 2106617
Fri 16 Jul 2021 06:36:42 INFO epoch 0 training [time: 155.30s, train loss:1679.5761]
Fri 16 Jul 2021 06:36:55 INFO epoch 0 evaluating [time: 13.13s, valid_score: 0.530300]
Fri 16 Jul 2021 06:36:55 INFO valid result:
	gauc:	0.5303
	p@5:	0.1777
	r@5:	0.5199
	mrr:	0.3628
Fri 16 Jul 2021 06:36:55 INFO Saving current best: ./saved/BPJFNN-Jul-16-2021_06-34-06.pth
Fri 16 Jul 2021 06:39:29 INFO epoch 1 training [time: 153.73s, train loss:1676.1570]
Fri 16 Jul 2021 06:39:42 INFO epoch 1 evaluating [time: 13.64s, valid_score: 0.536900]
Fri 16 Jul 2021 06:39:42 INFO valid result:
	gauc:	0.5369
	p@5:	0.1800
	r@5:	0.5227
	mrr:	0.3745
Fri 16 Jul 2021 06:39:42 INFO Saving current best: ./saved/BPJFNN-Jul-16-2021_06-34-06.pth
Fri 16 Jul 2021 06:42:17 INFO epoch 2 training [time: 154.84s, train loss:1673.6433]
Fri 16 Jul 2021 06:42:31 INFO epoch 2 evaluating [time: 13.57s, valid_score: 0.548300]
Fri 16 Jul 2021 06:42:31 INFO valid result:
	gauc:	0.5483
	p@5:	0.1841
	r@5:	0.5369
	mrr:	0.3901
Fri 16 Jul 2021 06:42:31 INFO Saving current best: ./saved/BPJFNN-Jul-16-2021_06-34-06.pth
Fri 16 Jul 2021 06:45:03 INFO epoch 3 training [time: 151.95s, train loss:1668.5558]
Fri 16 Jul 2021 06:45:16 INFO epoch 3 evaluating [time: 12.78s, valid_score: 0.569400]
Fri 16 Jul 2021 06:45:16 INFO valid result:
	gauc:	0.5694
	p@5:	0.1889
	r@5:	0.5544
	mrr:	0.4067
Fri 16 Jul 2021 06:45:16 INFO Saving current best: ./saved/BPJFNN-Jul-16-2021_06-34-06.pth
Fri 16 Jul 2021 06:47:51 INFO epoch 4 training [time: 155.14s, train loss:1657.7217]
Fri 16 Jul 2021 06:48:04 INFO epoch 4 evaluating [time: 13.60s, valid_score: 0.581200]
Fri 16 Jul 2021 06:48:04 INFO valid result:
	gauc:	0.5812
	p@5:	0.1932
	r@5:	0.5681
	mrr:	0.4242
Fri 16 Jul 2021 06:48:05 INFO Saving current best: ./saved/BPJFNN-Jul-16-2021_06-34-06.pth
Fri 16 Jul 2021 06:50:37 INFO epoch 5 training [time: 152.46s, train loss:1647.4859]
Fri 16 Jul 2021 06:50:50 INFO epoch 5 evaluating [time: 13.18s, valid_score: 0.587400]
Fri 16 Jul 2021 06:50:50 INFO valid result:
	gauc:	0.5874
	p@5:	0.1971
	r@5:	0.5803
	mrr:	0.4338
Fri 16 Jul 2021 06:50:50 INFO Saving current best: ./saved/BPJFNN-Jul-16-2021_06-34-06.pth
Fri 16 Jul 2021 06:53:24 INFO epoch 6 training [time: 153.29s, train loss:1640.1182]
Fri 16 Jul 2021 06:53:36 INFO epoch 6 evaluating [time: 12.83s, valid_score: 0.590500]
Fri 16 Jul 2021 06:53:36 INFO valid result:
	gauc:	0.5905
	p@5:	0.1988
	r@5:	0.5863
	mrr:	0.4385
Fri 16 Jul 2021 06:53:36 INFO Saving current best: ./saved/BPJFNN-Jul-16-2021_06-34-06.pth
Fri 16 Jul 2021 06:56:12 INFO epoch 7 training [time: 155.57s, train loss:1634.8145]
Fri 16 Jul 2021 06:56:26 INFO epoch 7 evaluating [time: 13.57s, valid_score: 0.594900]
Fri 16 Jul 2021 06:56:26 INFO valid result:
	gauc:	0.5949
	p@5:	0.1994
	r@5:	0.5871
	mrr:	0.4403
Fri 16 Jul 2021 06:56:26 INFO Saving current best: ./saved/BPJFNN-Jul-16-2021_06-34-06.pth
Fri 16 Jul 2021 06:59:01 INFO epoch 8 training [time: 154.95s, train loss:1630.0286]
Fri 16 Jul 2021 06:59:14 INFO epoch 8 evaluating [time: 12.94s, valid_score: 0.603600]
Fri 16 Jul 2021 06:59:14 INFO valid result:
	gauc:	0.6036
	p@5:	0.2009
	r@5:	0.5927
	mrr:	0.4451
Fri 16 Jul 2021 06:59:14 INFO Saving current best: ./saved/BPJFNN-Jul-16-2021_06-34-06.pth
Fri 16 Jul 2021 07:01:47 INFO epoch 9 training [time: 153.64s, train loss:1625.6233]
Fri 16 Jul 2021 07:02:01 INFO epoch 9 evaluating [time: 13.48s, valid_score: 0.608200]
Fri 16 Jul 2021 07:02:01 INFO valid result:
	gauc:	0.6082
	p@5:	0.2016
	r@5:	0.5945
	mrr:	0.4483
Fri 16 Jul 2021 07:02:01 INFO Saving current best: ./saved/BPJFNN-Jul-16-2021_06-34-06.pth
Fri 16 Jul 2021 07:04:37 INFO epoch 10 training [time: 155.91s, train loss:1620.5873]
Fri 16 Jul 2021 07:04:50 INFO epoch 10 evaluating [time: 12.96s, valid_score: 0.611000]
Fri 16 Jul 2021 07:04:50 INFO valid result:
	gauc:	0.6110
	p@5:	0.2035
	r@5:	0.6011
	mrr:	0.4530
Fri 16 Jul 2021 07:04:50 INFO Saving current best: ./saved/BPJFNN-Jul-16-2021_06-34-06.pth
Fri 16 Jul 2021 07:07:25 INFO epoch 11 training [time: 155.13s, train loss:1617.5008]
Fri 16 Jul 2021 07:07:38 INFO epoch 11 evaluating [time: 13.36s, valid_score: 0.613400]
Fri 16 Jul 2021 07:07:38 INFO valid result:
	gauc:	0.6134
	p@5:	0.2044
	r@5:	0.6033
	mrr:	0.4566
Fri 16 Jul 2021 07:07:38 INFO Saving current best: ./saved/BPJFNN-Jul-16-2021_06-34-06.pth
Fri 16 Jul 2021 07:10:12 INFO epoch 12 training [time: 153.84s, train loss:1615.0759]
Fri 16 Jul 2021 07:10:25 INFO epoch 12 evaluating [time: 12.89s, valid_score: 0.614900]
Fri 16 Jul 2021 07:10:25 INFO valid result:
	gauc:	0.6149
	p@5:	0.2043
	r@5:	0.6041
	mrr:	0.4597
Fri 16 Jul 2021 07:10:25 INFO Saving current best: ./saved/BPJFNN-Jul-16-2021_06-34-06.pth
Fri 16 Jul 2021 07:12:58 INFO epoch 13 training [time: 153.28s, train loss:1611.2036]
Fri 16 Jul 2021 07:13:12 INFO epoch 13 evaluating [time: 13.25s, valid_score: 0.620000]
Fri 16 Jul 2021 07:13:12 INFO valid result:
	gauc:	0.6200
	p@5:	0.2062
	r@5:	0.6100
	mrr:	0.4592
Fri 16 Jul 2021 07:13:12 INFO Saving current best: ./saved/BPJFNN-Jul-16-2021_06-34-06.pth
Fri 16 Jul 2021 07:15:47 INFO epoch 14 training [time: 155.34s, train loss:1609.2388]
Fri 16 Jul 2021 07:16:00 INFO epoch 14 evaluating [time: 13.32s, valid_score: 0.621600]
Fri 16 Jul 2021 07:16:00 INFO valid result:
	gauc:	0.6216
	p@5:	0.2061
	r@5:	0.6092
	mrr:	0.4608
Fri 16 Jul 2021 07:16:01 INFO Saving current best: ./saved/BPJFNN-Jul-16-2021_06-34-06.pth
Fri 16 Jul 2021 07:18:34 INFO epoch 15 training [time: 153.52s, train loss:1606.1922]
Fri 16 Jul 2021 07:18:47 INFO epoch 15 evaluating [time: 12.92s, valid_score: 0.626500]
Fri 16 Jul 2021 07:18:47 INFO valid result:
	gauc:	0.6265
	p@5:	0.2069
	r@5:	0.6131
	mrr:	0.4623
Fri 16 Jul 2021 07:18:47 INFO Saving current best: ./saved/BPJFNN-Jul-16-2021_06-34-06.pth
Fri 16 Jul 2021 07:21:22 INFO epoch 16 training [time: 154.71s, train loss:1603.3240]
Fri 16 Jul 2021 07:21:35 INFO epoch 16 evaluating [time: 13.53s, valid_score: 0.627100]
Fri 16 Jul 2021 07:21:35 INFO valid result:
	gauc:	0.6271
	p@5:	0.2069
	r@5:	0.6121
	mrr:	0.4613
Fri 16 Jul 2021 07:21:35 INFO Saving current best: ./saved/BPJFNN-Jul-16-2021_06-34-06.pth
Fri 16 Jul 2021 07:24:09 INFO epoch 17 training [time: 153.60s, train loss:1601.7639]
Fri 16 Jul 2021 07:24:22 INFO epoch 17 evaluating [time: 12.92s, valid_score: 0.632700]
Fri 16 Jul 2021 07:24:22 INFO valid result:
	gauc:	0.6327
	p@5:	0.2082
	r@5:	0.6162
	mrr:	0.4657
Fri 16 Jul 2021 07:24:22 INFO Saving current best: ./saved/BPJFNN-Jul-16-2021_06-34-06.pth
Fri 16 Jul 2021 07:26:57 INFO epoch 18 training [time: 154.70s, train loss:1599.7263]
Fri 16 Jul 2021 07:27:09 INFO epoch 18 evaluating [time: 12.51s, valid_score: 0.631000]
Fri 16 Jul 2021 07:27:09 INFO valid result:
	gauc:	0.6310
	p@5:	0.2089
	r@5:	0.6183
	mrr:	0.4671
Fri 16 Jul 2021 07:29:44 INFO epoch 19 training [time: 154.68s, train loss:1597.2975]
Fri 16 Jul 2021 07:29:57 INFO epoch 19 evaluating [time: 12.74s, valid_score: 0.630100]
Fri 16 Jul 2021 07:29:57 INFO valid result:
	gauc:	0.6301
	p@5:	0.2079
	r@5:	0.6160
	mrr:	0.4636
Fri 16 Jul 2021 07:32:30 INFO epoch 20 training [time: 153.65s, train loss:1594.7714]
Fri 16 Jul 2021 07:32:44 INFO epoch 20 evaluating [time: 13.55s, valid_score: 0.632000]
Fri 16 Jul 2021 07:32:44 INFO valid result:
	gauc:	0.6320
	p@5:	0.2083
	r@5:	0.6169
	mrr:	0.4588
Fri 16 Jul 2021 07:35:19 INFO epoch 21 training [time: 155.13s, train loss:1591.9850]
Fri 16 Jul 2021 07:35:32 INFO epoch 21 evaluating [time: 13.32s, valid_score: 0.633800]
Fri 16 Jul 2021 07:35:32 INFO valid result:
	gauc:	0.6338
	p@5:	0.2095
	r@5:	0.6206
	mrr:	0.4638
Fri 16 Jul 2021 07:35:32 INFO Saving current best: ./saved/BPJFNN-Jul-16-2021_06-34-06.pth
Fri 16 Jul 2021 07:38:07 INFO epoch 22 training [time: 155.04s, train loss:1591.2863]
Fri 16 Jul 2021 07:38:20 INFO epoch 22 evaluating [time: 12.85s, valid_score: 0.632300]
Fri 16 Jul 2021 07:38:20 INFO valid result:
	gauc:	0.6323
	p@5:	0.2094
	r@5:	0.6217
	mrr:	0.4639
Fri 16 Jul 2021 07:40:54 INFO epoch 23 training [time: 153.57s, train loss:1589.4697]
Fri 16 Jul 2021 07:41:07 INFO epoch 23 evaluating [time: 13.52s, valid_score: 0.630700]
Fri 16 Jul 2021 07:41:07 INFO valid result:
	gauc:	0.6307
	p@5:	0.2089
	r@5:	0.6199
	mrr:	0.4652
Fri 16 Jul 2021 07:43:42 INFO epoch 24 training [time: 155.09s, train loss:1585.8116]
Fri 16 Jul 2021 07:43:56 INFO epoch 24 evaluating [time: 13.29s, valid_score: 0.628900]
Fri 16 Jul 2021 07:43:56 INFO valid result:
	gauc:	0.6289
	p@5:	0.2100
	r@5:	0.6227
	mrr:	0.4677
Fri 16 Jul 2021 07:46:31 INFO epoch 25 training [time: 155.05s, train loss:1584.6494]
Fri 16 Jul 2021 07:46:44 INFO epoch 25 evaluating [time: 13.06s, valid_score: 0.636100]
Fri 16 Jul 2021 07:46:44 INFO valid result:
	gauc:	0.6361
	p@5:	0.2098
	r@5:	0.6222
	mrr:	0.4631
Fri 16 Jul 2021 07:46:44 INFO Saving current best: ./saved/BPJFNN-Jul-16-2021_06-34-06.pth
Fri 16 Jul 2021 07:49:19 INFO epoch 26 training [time: 155.05s, train loss:1582.2218]
Fri 16 Jul 2021 07:49:32 INFO epoch 26 evaluating [time: 13.40s, valid_score: 0.632400]
Fri 16 Jul 2021 07:49:32 INFO valid result:
	gauc:	0.6324
	p@5:	0.2093
	r@5:	0.6207
	mrr:	0.4633
Fri 16 Jul 2021 07:52:07 INFO epoch 27 training [time: 154.83s, train loss:1581.0716]
Fri 16 Jul 2021 07:52:21 INFO epoch 27 evaluating [time: 13.89s, valid_score: 0.636000]
Fri 16 Jul 2021 07:52:21 INFO valid result:
	gauc:	0.6360
	p@5:	0.2097
	r@5:	0.6224
	mrr:	0.4643
Fri 16 Jul 2021 07:54:55 INFO epoch 28 training [time: 153.96s, train loss:1578.8471]
Fri 16 Jul 2021 07:55:08 INFO epoch 28 evaluating [time: 13.26s, valid_score: 0.632300]
Fri 16 Jul 2021 07:55:08 INFO valid result:
	gauc:	0.6323
	p@5:	0.2090
	r@5:	0.6191
	mrr:	0.4674
Fri 16 Jul 2021 07:57:43 INFO epoch 29 training [time: 154.90s, train loss:1577.3359]
Fri 16 Jul 2021 07:57:56 INFO epoch 29 evaluating [time: 12.76s, valid_score: 0.635500]
Fri 16 Jul 2021 07:57:56 INFO valid result:
	gauc:	0.6355
	p@5:	0.2097
	r@5:	0.6220
	mrr:	0.4648
Fri 16 Jul 2021 08:00:31 INFO epoch 30 training [time: 155.09s, train loss:1575.1163]
Fri 16 Jul 2021 08:00:44 INFO epoch 30 evaluating [time: 13.02s, valid_score: 0.636600]
Fri 16 Jul 2021 08:00:44 INFO valid result:
	gauc:	0.6366
	p@5:	0.2097
	r@5:	0.6223
	mrr:	0.4663
Fri 16 Jul 2021 08:00:44 INFO Saving current best: ./saved/BPJFNN-Jul-16-2021_06-34-06.pth
Fri 16 Jul 2021 08:03:20 INFO epoch 31 training [time: 156.12s, train loss:1573.3288]
Fri 16 Jul 2021 08:03:34 INFO epoch 31 evaluating [time: 13.39s, valid_score: 0.636500]
Fri 16 Jul 2021 08:03:34 INFO valid result:
	gauc:	0.6365
	p@5:	0.2091
	r@5:	0.6212
	mrr:	0.4610
Fri 16 Jul 2021 08:06:08 INFO epoch 32 training [time: 153.89s, train loss:1571.9117]
Fri 16 Jul 2021 08:06:20 INFO epoch 32 evaluating [time: 12.59s, valid_score: 0.639700]
Fri 16 Jul 2021 08:06:20 INFO valid result:
	gauc:	0.6397
	p@5:	0.2087
	r@5:	0.6184
	mrr:	0.4639
Fri 16 Jul 2021 08:06:20 INFO Saving current best: ./saved/BPJFNN-Jul-16-2021_06-34-06.pth
Fri 16 Jul 2021 08:08:54 INFO epoch 33 training [time: 153.93s, train loss:1570.7208]
Fri 16 Jul 2021 08:09:07 INFO epoch 33 evaluating [time: 13.01s, valid_score: 0.638400]
Fri 16 Jul 2021 08:09:07 INFO valid result:
	gauc:	0.6384
	p@5:	0.2103
	r@5:	0.6245
	mrr:	0.4655
Fri 16 Jul 2021 08:11:41 INFO epoch 34 training [time: 153.76s, train loss:1568.1128]
Fri 16 Jul 2021 08:11:55 INFO epoch 34 evaluating [time: 13.73s, valid_score: 0.638600]
Fri 16 Jul 2021 08:11:55 INFO valid result:
	gauc:	0.6386
	p@5:	0.2105
	r@5:	0.6256
	mrr:	0.4648
Fri 16 Jul 2021 08:14:29 INFO epoch 35 training [time: 154.47s, train loss:1565.9959]
Fri 16 Jul 2021 08:14:42 INFO epoch 35 evaluating [time: 12.98s, valid_score: 0.636800]
Fri 16 Jul 2021 08:14:42 INFO valid result:
	gauc:	0.6368
	p@5:	0.2107
	r@5:	0.6276
	mrr:	0.4684
Fri 16 Jul 2021 08:17:14 INFO epoch 36 training [time: 152.07s, train loss:1564.8180]
Fri 16 Jul 2021 08:17:28 INFO epoch 36 evaluating [time: 13.63s, valid_score: 0.638400]
Fri 16 Jul 2021 08:17:28 INFO valid result:
	gauc:	0.6384
	p@5:	0.2102
	r@5:	0.6249
	mrr:	0.4680
Fri 16 Jul 2021 08:20:01 INFO epoch 37 training [time: 152.99s, train loss:1564.4608]
Fri 16 Jul 2021 08:20:14 INFO epoch 37 evaluating [time: 13.51s, valid_score: 0.640500]
Fri 16 Jul 2021 08:20:14 INFO valid result:
	gauc:	0.6405
	p@5:	0.2110
	r@5:	0.6266
	mrr:	0.4649
Fri 16 Jul 2021 08:20:14 INFO Saving current best: ./saved/BPJFNN-Jul-16-2021_06-34-06.pth
Fri 16 Jul 2021 08:22:49 INFO epoch 38 training [time: 154.97s, train loss:1562.0791]
Fri 16 Jul 2021 08:23:03 INFO epoch 38 evaluating [time: 13.34s, valid_score: 0.639800]
Fri 16 Jul 2021 08:23:03 INFO valid result:
	gauc:	0.6398
	p@5:	0.2113
	r@5:	0.6278
	mrr:	0.4679
Fri 16 Jul 2021 08:25:37 INFO epoch 39 training [time: 154.16s, train loss:1563.6218]
Fri 16 Jul 2021 08:25:50 INFO epoch 39 evaluating [time: 13.33s, valid_score: 0.640200]
Fri 16 Jul 2021 08:25:50 INFO valid result:
	gauc:	0.6402
	p@5:	0.2105
	r@5:	0.6260
	mrr:	0.4663
Fri 16 Jul 2021 08:28:23 INFO epoch 40 training [time: 153.14s, train loss:1559.1279]
Fri 16 Jul 2021 08:28:37 INFO epoch 40 evaluating [time: 13.77s, valid_score: 0.640300]
Fri 16 Jul 2021 08:28:37 INFO valid result:
	gauc:	0.6403
	p@5:	0.2113
	r@5:	0.6273
	mrr:	0.4670
Fri 16 Jul 2021 08:31:12 INFO epoch 41 training [time: 155.10s, train loss:1556.6038]
Fri 16 Jul 2021 08:31:26 INFO epoch 41 evaluating [time: 13.38s, valid_score: 0.639700]
Fri 16 Jul 2021 08:31:26 INFO valid result:
	gauc:	0.6397
	p@5:	0.2105
	r@5:	0.6248
	mrr:	0.4658
Fri 16 Jul 2021 08:34:00 INFO epoch 42 training [time: 154.56s, train loss:1556.4178]
Fri 16 Jul 2021 08:34:14 INFO epoch 42 evaluating [time: 14.10s, valid_score: 0.641100]
Fri 16 Jul 2021 08:34:14 INFO valid result:
	gauc:	0.6411
	p@5:	0.2108
	r@5:	0.6272
	mrr:	0.4677
Fri 16 Jul 2021 08:34:14 INFO Saving current best: ./saved/BPJFNN-Jul-16-2021_06-34-06.pth
Fri 16 Jul 2021 08:36:47 INFO epoch 43 training [time: 152.76s, train loss:1555.1402]
Fri 16 Jul 2021 08:37:00 INFO epoch 43 evaluating [time: 12.93s, valid_score: 0.642100]
Fri 16 Jul 2021 08:37:00 INFO valid result:
	gauc:	0.6421
	p@5:	0.2108
	r@5:	0.6267
	mrr:	0.4631
Fri 16 Jul 2021 08:37:00 INFO Saving current best: ./saved/BPJFNN-Jul-16-2021_06-34-06.pth
Fri 16 Jul 2021 08:39:34 INFO epoch 44 training [time: 154.03s, train loss:1555.1703]
Fri 16 Jul 2021 08:39:48 INFO epoch 44 evaluating [time: 13.70s, valid_score: 0.642500]
Fri 16 Jul 2021 08:39:48 INFO valid result:
	gauc:	0.6425
	p@5:	0.2105
	r@5:	0.6257
	mrr:	0.4635
Fri 16 Jul 2021 08:39:48 INFO Saving current best: ./saved/BPJFNN-Jul-16-2021_06-34-06.pth
Fri 16 Jul 2021 08:42:21 INFO epoch 45 training [time: 153.17s, train loss:1552.8536]
Fri 16 Jul 2021 08:42:34 INFO epoch 45 evaluating [time: 12.92s, valid_score: 0.641600]
Fri 16 Jul 2021 08:42:34 INFO valid result:
	gauc:	0.6416
	p@5:	0.2102
	r@5:	0.6245
	mrr:	0.4678
Fri 16 Jul 2021 08:45:10 INFO epoch 46 training [time: 156.09s, train loss:1551.5166]
Fri 16 Jul 2021 08:45:23 INFO epoch 46 evaluating [time: 13.28s, valid_score: 0.644100]
Fri 16 Jul 2021 08:45:23 INFO valid result:
	gauc:	0.6441
	p@5:	0.2104
	r@5:	0.6263
	mrr:	0.4641
Fri 16 Jul 2021 08:45:23 INFO Saving current best: ./saved/BPJFNN-Jul-16-2021_06-34-06.pth
Fri 16 Jul 2021 08:47:56 INFO epoch 47 training [time: 152.45s, train loss:1550.2197]
Fri 16 Jul 2021 08:48:09 INFO epoch 47 evaluating [time: 13.20s, valid_score: 0.644300]
Fri 16 Jul 2021 08:48:09 INFO valid result:
	gauc:	0.6443
	p@5:	0.2102
	r@5:	0.6240
	mrr:	0.4666
Fri 16 Jul 2021 08:48:09 INFO Saving current best: ./saved/BPJFNN-Jul-16-2021_06-34-06.pth
Fri 16 Jul 2021 08:50:42 INFO epoch 48 training [time: 152.55s, train loss:1548.2512]
Fri 16 Jul 2021 08:50:55 INFO epoch 48 evaluating [time: 13.19s, valid_score: 0.639000]
Fri 16 Jul 2021 08:50:55 INFO valid result:
	gauc:	0.6390
	p@5:	0.2101
	r@5:	0.6240
	mrr:	0.4649
Fri 16 Jul 2021 08:53:28 INFO epoch 49 training [time: 152.64s, train loss:1547.5665]
Fri 16 Jul 2021 08:53:41 INFO epoch 49 evaluating [time: 13.64s, valid_score: 0.642100]
Fri 16 Jul 2021 08:53:41 INFO valid result:
	gauc:	0.6421
	p@5:	0.2105
	r@5:	0.6256
	mrr:	0.4649
Fri 16 Jul 2021 08:56:13 INFO epoch 50 training [time: 151.95s, train loss:1546.3876]
Fri 16 Jul 2021 08:56:26 INFO epoch 50 evaluating [time: 12.44s, valid_score: 0.641800]
Fri 16 Jul 2021 08:56:26 INFO valid result:
	gauc:	0.6418
	p@5:	0.2092
	r@5:	0.6219
	mrr:	0.4616
Fri 16 Jul 2021 08:58:58 INFO epoch 51 training [time: 152.40s, train loss:1544.4510]
Fri 16 Jul 2021 08:59:11 INFO epoch 51 evaluating [time: 12.62s, valid_score: 0.642500]
Fri 16 Jul 2021 08:59:11 INFO valid result:
	gauc:	0.6425
	p@5:	0.2099
	r@5:	0.6237
	mrr:	0.4646
Fri 16 Jul 2021 09:01:43 INFO epoch 52 training [time: 152.37s, train loss:1544.7701]
Fri 16 Jul 2021 09:01:56 INFO epoch 52 evaluating [time: 12.72s, valid_score: 0.646000]
Fri 16 Jul 2021 09:01:56 INFO valid result:
	gauc:	0.6460
	p@5:	0.2103
	r@5:	0.6253
	mrr:	0.4628
Fri 16 Jul 2021 09:01:56 INFO Saving current best: ./saved/BPJFNN-Jul-16-2021_06-34-06.pth
Fri 16 Jul 2021 09:04:28 INFO epoch 53 training [time: 152.37s, train loss:1542.7063]
Fri 16 Jul 2021 09:04:41 INFO epoch 53 evaluating [time: 12.48s, valid_score: 0.644600]
Fri 16 Jul 2021 09:04:41 INFO valid result:
	gauc:	0.6446
	p@5:	0.2109
	r@5:	0.6277
	mrr:	0.4632
Fri 16 Jul 2021 09:07:12 INFO epoch 54 training [time: 151.35s, train loss:1540.8529]
Fri 16 Jul 2021 09:07:25 INFO epoch 54 evaluating [time: 12.57s, valid_score: 0.640700]
Fri 16 Jul 2021 09:07:25 INFO valid result:
	gauc:	0.6407
	p@5:	0.2099
	r@5:	0.6236
	mrr:	0.4645
Fri 16 Jul 2021 09:09:56 INFO epoch 55 training [time: 151.93s, train loss:1540.6086]
Fri 16 Jul 2021 09:10:09 INFO epoch 55 evaluating [time: 12.45s, valid_score: 0.642800]
Fri 16 Jul 2021 09:10:09 INFO valid result:
	gauc:	0.6428
	p@5:	0.2094
	r@5:	0.6228
	mrr:	0.4635
Fri 16 Jul 2021 09:12:42 INFO epoch 56 training [time: 152.81s, train loss:1539.3103]
Fri 16 Jul 2021 09:12:55 INFO epoch 56 evaluating [time: 13.37s, valid_score: 0.641500]
Fri 16 Jul 2021 09:12:55 INFO valid result:
	gauc:	0.6415
	p@5:	0.2107
	r@5:	0.6256
	mrr:	0.4658
Fri 16 Jul 2021 09:15:28 INFO epoch 57 training [time: 152.95s, train loss:1539.0219]
Fri 16 Jul 2021 09:15:41 INFO epoch 57 evaluating [time: 12.59s, valid_score: 0.642400]
Fri 16 Jul 2021 09:15:41 INFO valid result:
	gauc:	0.6424
	p@5:	0.2103
	r@5:	0.6253
	mrr:	0.4610
Fri 16 Jul 2021 09:18:13 INFO epoch 58 training [time: 152.21s, train loss:1536.1350]
Fri 16 Jul 2021 09:18:26 INFO epoch 58 evaluating [time: 13.52s, valid_score: 0.642700]
Fri 16 Jul 2021 09:18:26 INFO valid result:
	gauc:	0.6427
	p@5:	0.2108
	r@5:	0.6275
	mrr:	0.4648
Fri 16 Jul 2021 09:18:26 INFO Finished training, best eval result in epoch 52
Fri 16 Jul 2021 09:18:26 INFO best valid result: {'p@5': 0.2103, 'r@5': 0.6253, 'mrr': 0.4628, 'gauc': 0.646}
Fri 16 Jul 2021 09:18:26 INFO Loading model structure and parameters from ./saved/BPJFNN-Jul-16-2021_06-34-06.pth
Fri 16 Jul 2021 09:18:39 INFO test for user result [all]: 
	gauc:	0.6428
	p@5:	0.2063
	r@5:	0.6070
	mrr:	0.4569
Fri 16 Jul 2021 09:18:39 INFO Loading model structure and parameters from ./saved/BPJFNN-Jul-16-2021_06-34-06.pth
Fri 16 Jul 2021 09:18:48 INFO test for job result [all]: 
	gauc:	0.5378
	p@5:	0.3040
	r@5:	0.5898
	mrr:	0.5216
