Mon 26 Jul 2021 04:01:56 INFO Parameters:
	model=PJFNN
	use_gpu=True
	gpu_id=0
	learner=Adam
	epochs=3000
	eval_step=1
	stopping_step=5
	clip_grad_norm=None
	pos_weight=8.633
	topk=[5]
	valid_metric=gauc
	num_workers=4
	pin_memory=True
	checkpoint_dir=./saved/
	dataset_path=/home/yangchen/dataset/job/cikm/final_dir
	loss_decimal_place=4
	metric_decimal_place=4
	seed=2020
	reproducibility=True
	min_word_cnt=5
	geek_max_sent_num=20
	job_max_sent_num=20
	geek_max_sent_len=30
	job_max_sent_len=30
	embedding_size=64
	learning_rate=0.0003
	train_batch_size=2048
	eval_batch_size=4096
	name=None
	direction=multi
	device=cuda
Mon 26 Jul 2021 04:01:56 INFO Loading /home/yangchen/dataset/job/cikm/final_dir/geek.token
Mon 26 Jul 2021 04:01:56 INFO Loading /home/yangchen/dataset/job/cikm/final_dir/job.token
Mon 26 Jul 2021 04:01:56 INFO Loading /home/yangchen/dataset/job/cikm/final_dir/word.cnt
Mon 26 Jul 2021 04:01:56 INFO Loading /home/yangchen/dataset/job/cikm/final_dir/geek.sent
Mon 26 Jul 2021 04:02:01 INFO Loading /home/yangchen/dataset/job/cikm/final_dir/job.sent
Mon 26 Jul 2021 04:02:14 INFO Pool:
	55493 geeks
	41718 jobs
Mon 26 Jul 2021 04:02:14 INFO Loading from /home/yangchen/dataset/job/cikm/final_dir/data.train_all
Mon 26 Jul 2021 04:02:18 INFO Loading from /home/yangchen/dataset/job/cikm/final_dir/data.valid_g
Mon 26 Jul 2021 04:02:18 INFO Loading from /home/yangchen/dataset/job/cikm/final_dir/data.test_g
Mon 26 Jul 2021 04:02:19 INFO Loading from /home/yangchen/dataset/job/cikm/final_dir/data.test_g
Mon 26 Jul 2021 04:02:19 INFO Loading from /home/yangchen/dataset/job/cikm/final_dir/data.test_j
Mon 26 Jul 2021 04:02:20 INFO Loading from /home/yangchen/dataset/job/cikm/final_dir/data.train_g
Mon 26 Jul 2021 04:02:21 INFO Loading from /home/yangchen/dataset/job/cikm/final_dir/data.train_j
Mon 26 Jul 2021 04:02:23 INFO Loading from /home/yangchen/dataset/job/cikm/final_dir/data.user_add
Mon 26 Jul 2021 04:02:26 INFO Loading from /home/yangchen/dataset/job/cikm/final_dir/data.job_add
Mon 26 Jul 2021 04:02:26 INFO train_all Dataset:
	2760725 interactions
Mon 26 Jul 2021 04:02:26 INFO valid_g Dataset:
	346256 interactions
Mon 26 Jul 2021 04:02:26 INFO test_g Dataset:
	323658 interactions
Mon 26 Jul 2021 04:02:26 INFO test_g Dataset:
	323658 interactions
Mon 26 Jul 2021 04:02:26 INFO test_j Dataset:
	158254 interactions
Mon 26 Jul 2021 04:02:26 INFO train_g Dataset:
	1076087 interactions
Mon 26 Jul 2021 04:02:26 INFO train_j Dataset:
	1684638 interactions
Mon 26 Jul 2021 04:02:26 INFO user_add Dataset:
	1767584 interactions
Mon 26 Jul 2021 04:02:26 INFO job_add Dataset:
	342216 interactions
Mon 26 Jul 2021 04:02:33 INFO PJFNN(
  (emb): Embedding(26383, 64, padding_idx=0)
  (geek_layer): TextCNN(
    (net1): Sequential(
      (0): Conv2d(20, 20, kernel_size=(5, 1), stride=(1, 1))
      (1): BatchNorm2d(20, eps=1e-05, momentum=0.1, affine=True, track_running_stats=True)
      (2): ReLU()
      (3): MaxPool2d(kernel_size=(2, 1), stride=(2, 1), padding=0, dilation=1, ceil_mode=False)
    )
    (net2): Sequential(
      (0): Conv2d(20, 20, kernel_size=(3, 1), stride=(1, 1))
      (1): BatchNorm2d(20, eps=1e-05, momentum=0.1, affine=True, track_running_stats=True)
      (2): ReLU()
      (3): AdaptiveMaxPool2d(output_size=(1, 64))
    )
    (pool): AdaptiveMaxPool2d(output_size=(1, 64))
  )
  (job_layer): TextCNN(
    (net1): Sequential(
      (0): Conv2d(20, 20, kernel_size=(5, 1), stride=(1, 1))
      (1): BatchNorm2d(20, eps=1e-05, momentum=0.1, affine=True, track_running_stats=True)
      (2): ReLU()
      (3): MaxPool2d(kernel_size=(2, 1), stride=(2, 1), padding=0, dilation=1, ceil_mode=False)
    )
    (net2): Sequential(
      (0): Conv2d(20, 20, kernel_size=(5, 1), stride=(1, 1))
      (1): BatchNorm2d(20, eps=1e-05, momentum=0.1, affine=True, track_running_stats=True)
      (2): ReLU()
      (3): AdaptiveMaxPool2d(output_size=(1, 64))
    )
    (pool): AdaptiveAvgPool2d(output_size=(1, 64))
  )
  (mlp): Sequential(
    (0): Linear(in_features=64, out_features=64, bias=True)
    (1): ReLU()
    (2): Linear(in_features=64, out_features=1, bias=True)
  )
  (loss): BCEWithLogitsLoss()
)
	Trainable parameters: 1700177
Mon 26 Jul 2021 04:06:22 INFO epoch 0 training [time: 229.29s, train loss:455.1841]
Mon 26 Jul 2021 04:06:36 INFO epoch 0 evaluating [time: 14.12s, valid_score: 0.561700]
Mon 26 Jul 2021 04:06:36 INFO valid result:
	gauc:	0.5617
	p@5:	0.1875
	r@5:	0.5512
	mrr:	0.3936
Mon 26 Jul 2021 04:06:36 INFO Saving current best: ./saved/PJFNN-Jul-26-2021_04-02-33.pth
Mon 26 Jul 2021 04:10:25 INFO epoch 1 training [time: 228.62s, train loss:447.3213]
Mon 26 Jul 2021 04:10:37 INFO epoch 1 evaluating [time: 12.02s, valid_score: 0.579800]
Mon 26 Jul 2021 04:10:37 INFO valid result:
	gauc:	0.5798
	p@5:	0.1944
	r@5:	0.5711
	mrr:	0.4213
Mon 26 Jul 2021 04:10:37 INFO Saving current best: ./saved/PJFNN-Jul-26-2021_04-02-33.pth
Mon 26 Jul 2021 04:14:25 INFO epoch 2 training [time: 228.37s, train loss:443.2597]
Mon 26 Jul 2021 04:14:37 INFO epoch 2 evaluating [time: 11.73s, valid_score: 0.597800]
Mon 26 Jul 2021 04:14:37 INFO valid result:
	gauc:	0.5978
	p@5:	0.1989
	r@5:	0.5859
	mrr:	0.4415
Mon 26 Jul 2021 04:14:37 INFO Saving current best: ./saved/PJFNN-Jul-26-2021_04-02-33.pth
Mon 26 Jul 2021 05:58:58 INFO epoch 3 training [time: 6261.44s, train loss:438.7730]
Mon 26 Jul 2021 05:59:10 INFO epoch 3 evaluating [time: 12.05s, valid_score: 0.610100]
Mon 26 Jul 2021 05:59:10 INFO valid result:
	gauc:	0.6101
	p@5:	0.2030
	r@5:	0.5992
	mrr:	0.4578
Mon 26 Jul 2021 05:59:11 INFO Saving current best: ./saved/PJFNN-Jul-26-2021_04-02-33.pth
Mon 26 Jul 2021 06:02:59 INFO epoch 4 training [time: 228.37s, train loss:435.7448]
Mon 26 Jul 2021 06:03:11 INFO epoch 4 evaluating [time: 11.93s, valid_score: 0.617000]
Mon 26 Jul 2021 06:03:11 INFO valid result:
	gauc:	0.6170
	p@5:	0.2060
	r@5:	0.6096
	mrr:	0.4694
Mon 26 Jul 2021 06:03:11 INFO Saving current best: ./saved/PJFNN-Jul-26-2021_04-02-33.pth
Mon 26 Jul 2021 06:06:58 INFO epoch 5 training [time: 227.26s, train loss:432.8779]
Mon 26 Jul 2021 06:07:11 INFO epoch 5 evaluating [time: 12.73s, valid_score: 0.620500]
Mon 26 Jul 2021 06:07:11 INFO valid result:
	gauc:	0.6205
	p@5:	0.2055
	r@5:	0.6075
	mrr:	0.4704
Mon 26 Jul 2021 06:07:11 INFO Saving current best: ./saved/PJFNN-Jul-26-2021_04-02-33.pth
Mon 26 Jul 2021 06:10:59 INFO epoch 6 training [time: 227.55s, train loss:430.6279]
Mon 26 Jul 2021 06:11:12 INFO epoch 6 evaluating [time: 13.15s, valid_score: 0.626300]
Mon 26 Jul 2021 06:11:12 INFO valid result:
	gauc:	0.6263
	p@5:	0.2068
	r@5:	0.6128
	mrr:	0.4752
Mon 26 Jul 2021 06:11:12 INFO Saving current best: ./saved/PJFNN-Jul-26-2021_04-02-33.pth
Mon 26 Jul 2021 06:15:01 INFO epoch 7 training [time: 229.28s, train loss:429.1588]
Mon 26 Jul 2021 06:15:14 INFO epoch 7 evaluating [time: 12.94s, valid_score: 0.633400]
Mon 26 Jul 2021 06:15:14 INFO valid result:
	gauc:	0.6334
	p@5:	0.2082
	r@5:	0.6182
	mrr:	0.4793
Mon 26 Jul 2021 06:15:14 INFO Saving current best: ./saved/PJFNN-Jul-26-2021_04-02-33.pth
Mon 26 Jul 2021 06:19:01 INFO epoch 8 training [time: 227.23s, train loss:427.5008]
Mon 26 Jul 2021 06:19:13 INFO epoch 8 evaluating [time: 12.13s, valid_score: 0.636600]
Mon 26 Jul 2021 06:19:13 INFO valid result:
	gauc:	0.6366
	p@5:	0.2092
	r@5:	0.6230
	mrr:	0.4841
Mon 26 Jul 2021 06:19:13 INFO Saving current best: ./saved/PJFNN-Jul-26-2021_04-02-33.pth
Mon 26 Jul 2021 06:23:00 INFO epoch 9 training [time: 226.44s, train loss:426.2579]
Mon 26 Jul 2021 06:23:12 INFO epoch 9 evaluating [time: 12.22s, valid_score: 0.638800]
Mon 26 Jul 2021 06:23:12 INFO valid result:
	gauc:	0.6388
	p@5:	0.2100
	r@5:	0.6234
	mrr:	0.4831
Mon 26 Jul 2021 06:23:12 INFO Saving current best: ./saved/PJFNN-Jul-26-2021_04-02-33.pth
Mon 26 Jul 2021 06:26:59 INFO epoch 10 training [time: 226.76s, train loss:424.6855]
Mon 26 Jul 2021 06:27:11 INFO epoch 10 evaluating [time: 11.90s, valid_score: 0.641900]
Mon 26 Jul 2021 06:27:11 INFO valid result:
	gauc:	0.6419
	p@5:	0.2110
	r@5:	0.6289
	mrr:	0.4856
Mon 26 Jul 2021 06:27:11 INFO Saving current best: ./saved/PJFNN-Jul-26-2021_04-02-33.pth
Mon 26 Jul 2021 06:30:58 INFO epoch 11 training [time: 226.74s, train loss:423.3882]
Mon 26 Jul 2021 06:31:10 INFO epoch 11 evaluating [time: 12.00s, valid_score: 0.641000]
Mon 26 Jul 2021 06:31:10 INFO valid result:
	gauc:	0.6410
	p@5:	0.2107
	r@5:	0.6267
	mrr:	0.4871
Mon 26 Jul 2021 06:34:56 INFO epoch 12 training [time: 226.31s, train loss:422.6685]
Mon 26 Jul 2021 06:35:08 INFO epoch 12 evaluating [time: 11.84s, valid_score: 0.643100]
Mon 26 Jul 2021 06:35:08 INFO valid result:
	gauc:	0.6431
	p@5:	0.2119
	r@5:	0.6299
	mrr:	0.4866
Mon 26 Jul 2021 06:35:08 INFO Saving current best: ./saved/PJFNN-Jul-26-2021_04-02-33.pth
Mon 26 Jul 2021 06:38:55 INFO epoch 13 training [time: 227.31s, train loss:421.5534]
Mon 26 Jul 2021 06:39:07 INFO epoch 13 evaluating [time: 12.12s, valid_score: 0.647100]
Mon 26 Jul 2021 06:39:07 INFO valid result:
	gauc:	0.6471
	p@5:	0.2121
	r@5:	0.6310
	mrr:	0.4884
Mon 26 Jul 2021 06:39:07 INFO Saving current best: ./saved/PJFNN-Jul-26-2021_04-02-33.pth
Mon 26 Jul 2021 06:42:53 INFO epoch 14 training [time: 225.81s, train loss:420.8418]
Mon 26 Jul 2021 06:43:06 INFO epoch 14 evaluating [time: 12.49s, valid_score: 0.646700]
Mon 26 Jul 2021 06:43:06 INFO valid result:
	gauc:	0.6467
	p@5:	0.2117
	r@5:	0.6297
	mrr:	0.4884
Mon 26 Jul 2021 06:46:53 INFO epoch 15 training [time: 227.11s, train loss:420.1170]
Mon 26 Jul 2021 06:47:05 INFO epoch 15 evaluating [time: 12.29s, valid_score: 0.650000]
Mon 26 Jul 2021 06:47:05 INFO valid result:
	gauc:	0.6500
	p@5:	0.2119
	r@5:	0.6288
	mrr:	0.4898
Mon 26 Jul 2021 06:47:05 INFO Saving current best: ./saved/PJFNN-Jul-26-2021_04-02-33.pth
Mon 26 Jul 2021 06:50:51 INFO epoch 16 training [time: 225.60s, train loss:418.8363]
Mon 26 Jul 2021 06:51:03 INFO epoch 16 evaluating [time: 12.45s, valid_score: 0.653000]
Mon 26 Jul 2021 06:51:03 INFO valid result:
	gauc:	0.6530
	p@5:	0.2126
	r@5:	0.6321
	mrr:	0.4913
Mon 26 Jul 2021 06:51:03 INFO Saving current best: ./saved/PJFNN-Jul-26-2021_04-02-33.pth
Mon 26 Jul 2021 06:54:49 INFO epoch 17 training [time: 225.68s, train loss:417.8974]
Mon 26 Jul 2021 06:55:01 INFO epoch 17 evaluating [time: 11.77s, valid_score: 0.653200]
Mon 26 Jul 2021 06:55:01 INFO valid result:
	gauc:	0.6532
	p@5:	0.2127
	r@5:	0.6339
	mrr:	0.4939
Mon 26 Jul 2021 06:55:01 INFO Saving current best: ./saved/PJFNN-Jul-26-2021_04-02-33.pth
Mon 26 Jul 2021 06:58:47 INFO epoch 18 training [time: 226.17s, train loss:417.3133]
Mon 26 Jul 2021 06:59:00 INFO epoch 18 evaluating [time: 12.63s, valid_score: 0.654600]
Mon 26 Jul 2021 06:59:00 INFO valid result:
	gauc:	0.6546
	p@5:	0.2131
	r@5:	0.6354
	mrr:	0.4923
Mon 26 Jul 2021 06:59:00 INFO Saving current best: ./saved/PJFNN-Jul-26-2021_04-02-33.pth
Mon 26 Jul 2021 07:02:45 INFO epoch 19 training [time: 225.91s, train loss:416.8252]
Mon 26 Jul 2021 07:02:57 INFO epoch 19 evaluating [time: 11.97s, valid_score: 0.653500]
Mon 26 Jul 2021 07:02:57 INFO valid result:
	gauc:	0.6535
	p@5:	0.2129
	r@5:	0.6342
	mrr:	0.4916
Mon 26 Jul 2021 07:06:43 INFO epoch 20 training [time: 225.81s, train loss:416.3013]
Mon 26 Jul 2021 07:06:56 INFO epoch 20 evaluating [time: 12.34s, valid_score: 0.652600]
Mon 26 Jul 2021 07:06:56 INFO valid result:
	gauc:	0.6526
	p@5:	0.2130
	r@5:	0.6361
	mrr:	0.4907
Mon 26 Jul 2021 07:10:41 INFO epoch 21 training [time: 225.89s, train loss:415.4548]
Mon 26 Jul 2021 07:10:54 INFO epoch 21 evaluating [time: 12.34s, valid_score: 0.655100]
Mon 26 Jul 2021 07:10:54 INFO valid result:
	gauc:	0.6551
	p@5:	0.2130
	r@5:	0.6358
	mrr:	0.4914
Mon 26 Jul 2021 07:10:54 INFO Saving current best: ./saved/PJFNN-Jul-26-2021_04-02-33.pth
Mon 26 Jul 2021 07:14:41 INFO epoch 22 training [time: 226.67s, train loss:415.0861]
Mon 26 Jul 2021 07:14:53 INFO epoch 22 evaluating [time: 12.63s, valid_score: 0.655100]
Mon 26 Jul 2021 07:14:53 INFO valid result:
	gauc:	0.6551
	p@5:	0.2125
	r@5:	0.6333
	mrr:	0.4924
Mon 26 Jul 2021 07:18:41 INFO epoch 23 training [time: 228.17s, train loss:414.3623]
Mon 26 Jul 2021 07:18:54 INFO epoch 23 evaluating [time: 12.85s, valid_score: 0.656200]
Mon 26 Jul 2021 07:18:54 INFO valid result:
	gauc:	0.6562
	p@5:	0.2126
	r@5:	0.6332
	mrr:	0.4938
Mon 26 Jul 2021 07:18:54 INFO Saving current best: ./saved/PJFNN-Jul-26-2021_04-02-33.pth
Mon 26 Jul 2021 07:22:41 INFO epoch 24 training [time: 226.37s, train loss:413.7229]
Mon 26 Jul 2021 07:22:53 INFO epoch 24 evaluating [time: 12.19s, valid_score: 0.656500]
Mon 26 Jul 2021 07:22:53 INFO valid result:
	gauc:	0.6565
	p@5:	0.2134
	r@5:	0.6362
	mrr:	0.4920
Mon 26 Jul 2021 07:22:53 INFO Saving current best: ./saved/PJFNN-Jul-26-2021_04-02-33.pth
Mon 26 Jul 2021 07:26:41 INFO epoch 25 training [time: 228.21s, train loss:413.1959]
Mon 26 Jul 2021 07:26:54 INFO epoch 25 evaluating [time: 12.39s, valid_score: 0.658200]
Mon 26 Jul 2021 07:26:54 INFO valid result:
	gauc:	0.6582
	p@5:	0.2124
	r@5:	0.6327
	mrr:	0.4916
Mon 26 Jul 2021 07:26:54 INFO Saving current best: ./saved/PJFNN-Jul-26-2021_04-02-33.pth
Mon 26 Jul 2021 07:30:41 INFO epoch 26 training [time: 227.57s, train loss:412.6477]
Mon 26 Jul 2021 07:30:53 INFO epoch 26 evaluating [time: 12.11s, valid_score: 0.651700]
Mon 26 Jul 2021 07:30:53 INFO valid result:
	gauc:	0.6517
	p@5:	0.2123
	r@5:	0.6330
	mrr:	0.4886
Mon 26 Jul 2021 07:34:42 INFO epoch 27 training [time: 228.87s, train loss:412.5234]
Mon 26 Jul 2021 07:34:55 INFO epoch 27 evaluating [time: 12.58s, valid_score: 0.654600]
Mon 26 Jul 2021 07:34:55 INFO valid result:
	gauc:	0.6546
	p@5:	0.2136
	r@5:	0.6370
	mrr:	0.4911
Mon 26 Jul 2021 07:38:43 INFO epoch 28 training [time: 228.21s, train loss:411.4876]
Mon 26 Jul 2021 07:38:55 INFO epoch 28 evaluating [time: 12.44s, valid_score: 0.656800]
Mon 26 Jul 2021 07:38:55 INFO valid result:
	gauc:	0.6568
	p@5:	0.2128
	r@5:	0.6351
	mrr:	0.4905
Mon 26 Jul 2021 07:42:44 INFO epoch 29 training [time: 228.42s, train loss:411.1178]
Mon 26 Jul 2021 07:42:56 INFO epoch 29 evaluating [time: 12.49s, valid_score: 0.657000]
Mon 26 Jul 2021 07:42:56 INFO valid result:
	gauc:	0.6570
	p@5:	0.2126
	r@5:	0.6333
	mrr:	0.4915
Mon 26 Jul 2021 07:46:46 INFO epoch 30 training [time: 229.47s, train loss:410.4180]
Mon 26 Jul 2021 07:46:58 INFO epoch 30 evaluating [time: 12.53s, valid_score: 0.660700]
Mon 26 Jul 2021 07:46:58 INFO valid result:
	gauc:	0.6607
	p@5:	0.2132
	r@5:	0.6353
	mrr:	0.4929
Mon 26 Jul 2021 07:46:58 INFO Saving current best: ./saved/PJFNN-Jul-26-2021_04-02-33.pth
Mon 26 Jul 2021 07:50:47 INFO epoch 31 training [time: 228.72s, train loss:409.7553]
Mon 26 Jul 2021 07:51:00 INFO epoch 31 evaluating [time: 12.75s, valid_score: 0.660200]
Mon 26 Jul 2021 07:51:00 INFO valid result:
	gauc:	0.6602
	p@5:	0.2133
	r@5:	0.6364
	mrr:	0.4935
Mon 26 Jul 2021 07:54:49 INFO epoch 32 training [time: 229.58s, train loss:409.5596]
Mon 26 Jul 2021 07:55:02 INFO epoch 32 evaluating [time: 12.61s, valid_score: 0.661300]
Mon 26 Jul 2021 07:55:02 INFO valid result:
	gauc:	0.6613
	p@5:	0.2128
	r@5:	0.6340
	mrr:	0.4927
Mon 26 Jul 2021 07:55:02 INFO Saving current best: ./saved/PJFNN-Jul-26-2021_04-02-33.pth
Mon 26 Jul 2021 07:58:49 INFO epoch 33 training [time: 227.42s, train loss:409.0769]
Mon 26 Jul 2021 07:59:02 INFO epoch 33 evaluating [time: 12.25s, valid_score: 0.657100]
Mon 26 Jul 2021 07:59:02 INFO valid result:
	gauc:	0.6571
	p@5:	0.2132
	r@5:	0.6342
	mrr:	0.4892
Mon 26 Jul 2021 08:02:51 INFO epoch 34 training [time: 229.03s, train loss:408.7276]
Mon 26 Jul 2021 08:03:03 INFO epoch 34 evaluating [time: 12.63s, valid_score: 0.660400]
Mon 26 Jul 2021 08:03:03 INFO valid result:
	gauc:	0.6604
	p@5:	0.2132
	r@5:	0.6359
	mrr:	0.4886
Mon 26 Jul 2021 08:06:52 INFO epoch 35 training [time: 228.48s, train loss:408.0874]
Mon 26 Jul 2021 08:07:04 INFO epoch 35 evaluating [time: 12.44s, valid_score: 0.659900]
Mon 26 Jul 2021 08:07:04 INFO valid result:
	gauc:	0.6599
	p@5:	0.2121
	r@5:	0.6317
	mrr:	0.4877
Mon 26 Jul 2021 08:10:50 INFO epoch 36 training [time: 226.14s, train loss:407.4394]
Mon 26 Jul 2021 08:11:04 INFO epoch 36 evaluating [time: 13.14s, valid_score: 0.659800]
Mon 26 Jul 2021 08:11:04 INFO valid result:
	gauc:	0.6598
	p@5:	0.2132
	r@5:	0.6359
	mrr:	0.4900
Mon 26 Jul 2021 08:14:51 INFO epoch 37 training [time: 227.18s, train loss:406.9066]
Mon 26 Jul 2021 08:15:03 INFO epoch 37 evaluating [time: 12.55s, valid_score: 0.659500]
Mon 26 Jul 2021 08:15:03 INFO valid result:
	gauc:	0.6595
	p@5:	0.2122
	r@5:	0.6313
	mrr:	0.4900
Mon 26 Jul 2021 08:18:50 INFO epoch 38 training [time: 227.00s, train loss:406.3298]
Mon 26 Jul 2021 08:19:03 INFO epoch 38 evaluating [time: 12.26s, valid_score: 0.658800]
Mon 26 Jul 2021 08:19:03 INFO valid result:
	gauc:	0.6588
	p@5:	0.2121
	r@5:	0.6315
	mrr:	0.4887
Mon 26 Jul 2021 08:19:03 INFO Finished training, best eval result in epoch 32
Mon 26 Jul 2021 08:19:03 INFO best valid result: {'p@5': 0.2128, 'r@5': 0.634, 'mrr': 0.4927, 'gauc': 0.6613}
Mon 26 Jul 2021 08:19:03 INFO Loading model structure and parameters from ./saved/PJFNN-Jul-26-2021_04-02-33.pth
Mon 26 Jul 2021 08:19:15 INFO test for user result [all]: 
	gauc:	0.6455
	p@5:	0.2053
	r@5:	0.6038
	mrr:	0.4590
Mon 26 Jul 2021 08:28:21 INFO Loading model structure and parameters from ./saved/PJFNN-Jul-26-2021_04-02-33.pth
Mon 26 Jul 2021 08:28:30 INFO test for job result [all]: 
	gauc:	0.5427
	p@5:	0.3080
	r@5:	0.5955
	mrr:	0.5241
